# JRE version: Java(TM) SE Runtime Environment (8.0_111-b14) (build 1.8.0_111-b14)
# Java VM: Java HotSpot(TM) 64-Bit Server VM (25.111-b14 mixed mode linux-amd64 compressed oops)
Heap:
 PSYoungGen      total 583680K, used 4946K [0x00000000d5580000, 0x00000000fa600000, 0x0000000100000000)
  eden space 560640K, 0% used [0x00000000d5580000,0x00000000d5580000,0x00000000f7900000)
  from space 23040K, 21% used [0x00000000f7900000,0x00000000f7dd4840,0x00000000f8f80000)
  to   space 14848K, 0% used [0x00000000f9780000,0x00000000f9780000,0x00000000fa600000)
 ParOldGen       total 135168K, used 66079K [0x0000000080000000, 0x0000000088400000, 0x00000000d5580000)
  object space 135168K, 48% used [0x0000000080000000,0x0000000084087fe0,0x0000000088400000)
 Metaspace       used 88043K, capacity 96270K, committed 98624K, reserved 1136640K
  class space    used 9212K, capacity 10113K, committed 10624K, reserved 1048576K
GC Heap History (10 events):
Event: 61.712 GC heap after
Heap after GC invocations=24 (full 3):
 PSYoungGen      total 454656K, used 14414K [0x00000000d5580000, 0x00000000f6d80000, 0x0000000100000000)
  eden space 430592K, 0% used [0x00000000d5580000,0x00000000d5580000,0x00000000efa00000)
  from space 24064K, 59% used [0x00000000efa00000,0x00000000f0813b00,0x00000000f1180000)
  to   space 24064K, 0% used [0x00000000f5600000,0x00000000f5600000,0x00000000f6d80000)
 ParOldGen       total 105984K, used 64575K [0x0000000080000000, 0x0000000086780000, 0x00000000d5580000)
  object space 105984K, 60% used [0x0000000080000000,0x0000000083f0fe68,0x0000000086780000)
 Metaspace       used 88305K, capacity 98432K, committed 98496K, reserved 1136640K
  class space    used 9366K, capacity 10435K, committed 10496K, reserved 1048576K
}
Event: 61.712 GC heap before
{Heap before GC invocations=25 (full 4):
 PSYoungGen      total 454656K, used 14414K [0x00000000d5580000, 0x00000000f6d80000, 0x0000000100000000)
  eden space 430592K, 0% used [0x00000000d5580000,0x00000000d5580000,0x00000000efa00000)
  from space 24064K, 59% used [0x00000000efa00000,0x00000000f0813b00,0x00000000f1180000)
  to   space 24064K, 0% used [0x00000000f5600000,0x00000000f5600000,0x00000000f6d80000)
 ParOldGen       total 105984K, used 64575K [0x0000000080000000, 0x0000000086780000, 0x00000000d5580000)
  object space 105984K, 60% used [0x0000000080000000,0x0000000083f0fe68,0x0000000086780000)
 Metaspace       used 88305K, capacity 98432K, committed 98496K, reserved 1136640K
  class space    used 9366K, capacity 10435K, committed 10496K, reserved 1048576K
Event: 62.029 GC heap after
Heap after GC invocations=25 (full 4):
 PSYoungGen      total 454656K, used 0K [0x00000000d5580000, 0x00000000f6d80000, 0x0000000100000000)
  eden space 430592K, 0% used [0x00000000d5580000,0x00000000d5580000,0x00000000efa00000)
  from space 24064K, 0% used [0x00000000efa00000,0x00000000efa00000,0x00000000f1180000)
  to   space 24064K, 0% used [0x00000000f5600000,0x00000000f5600000,0x00000000f6d80000)
 ParOldGen       total 135168K, used 66063K [0x0000000080000000, 0x0000000088400000, 0x00000000d5580000)
  object space 135168K, 48% used [0x0000000080000000,0x0000000084083fe0,0x0000000088400000)
 Metaspace       used 80894K, capacity 84740K, committed 98496K, reserved 1136640K
  class space    used 8843K, capacity 9459K, committed 10496K, reserved 1048576K
}
Event: 68.417 GC heap before
{Heap before GC invocations=26 (full 4):
 PSYoungGen      total 454656K, used 430592K [0x00000000d5580000, 0x00000000f6d80000, 0x0000000100000000)
  eden space 430592K, 100% used [0x00000000d5580000,0x00000000efa00000,0x00000000efa00000)
  from space 24064K, 0% used [0x00000000efa00000,0x00000000efa00000,0x00000000f1180000)
  to   space 24064K, 0% used [0x00000000f5600000,0x00000000f5600000,0x00000000f6d80000)
 ParOldGen       total 135168K, used 66063K [0x0000000080000000, 0x0000000088400000, 0x00000000d5580000)
  object space 135168K, 48% used [0x0000000080000000,0x0000000084083fe0,0x0000000088400000)
 Metaspace       used 86195K, capacity 93998K, committed 98496K, reserved 1136640K
  class space    used 9070K, capacity 9879K, committed 10496K, reserved 1048576K
Event: 68.447 GC heap after
Heap after GC invocations=26 (full 4):
 PSYoungGen      total 522752K, used 3360K [0x00000000d5580000, 0x00000000f6c80000, 0x0000000100000000)
  eden space 499712K, 0% used [0x00000000d5580000,0x00000000d5580000,0x00000000f3d80000)
  from space 23040K, 14% used [0x00000000f5600000,0x00000000f5948000,0x00000000f6c80000)
  to   space 24064K, 0% used [0x00000000f3d80000,0x00000000f3d80000,0x00000000f5500000)
 ParOldGen       total 135168K, used 66063K [0x0000000080000000, 0x0000000088400000, 0x00000000d5580000)
  object space 135168K, 48% used [0x0000000080000000,0x0000000084083fe0,0x0000000088400000)
 Metaspace       used 86195K, capacity 93998K, committed 98496K, reserved 1136640K
  class space    used 9070K, capacity 9879K, committed 10496K, reserved 1048576K
}
Event: 77.816 GC heap before
{Heap before GC invocations=27 (full 4):
 PSYoungGen      total 522752K, used 503072K [0x00000000d5580000, 0x00000000f6c80000, 0x0000000100000000)
  eden space 499712K, 100% used [0x00000000d5580000,0x00000000f3d80000,0x00000000f3d80000)
  from space 23040K, 14% used [0x00000000f5600000,0x00000000f5948000,0x00000000f6c80000)
  to   space 24064K, 0% used [0x00000000f3d80000,0x00000000f3d80000,0x00000000f5500000)
 ParOldGen       total 135168K, used 66063K [0x0000000080000000, 0x0000000088400000, 0x00000000d5580000)
  object space 135168K, 48% used [0x0000000080000000,0x0000000084083fe0,0x0000000088400000)
 Metaspace       used 87197K, capacity 95254K, committed 98624K, reserved 1136640K
  class space    used 9157K, capacity 10029K, committed 10624K, reserved 1048576K
Event: 77.839 GC heap after
Heap after GC invocations=27 (full 4):
 PSYoungGen      total 523776K, used 4672K [0x00000000d5580000, 0x00000000fae80000, 0x0000000100000000)
  eden space 499712K, 0% used [0x00000000d5580000,0x00000000d5580000,0x00000000f3d80000)
  from space 24064K, 19% used [0x00000000f3d80000,0x00000000f4210010,0x00000000f5500000)
  to   space 23552K, 0% used [0x00000000f9780000,0x00000000f9780000,0x00000000fae80000)
 ParOldGen       total 135168K, used 66071K [0x0000000080000000, 0x0000000088400000, 0x00000000d5580000)
  object space 135168K, 48% used [0x0000000080000000,0x0000000084085fe0,0x0000000088400000)
 Metaspace       used 87197K, capacity 95254K, committed 98624K, reserved 1136640K
  class space    used 9157K, capacity 10029K, committed 10624K, reserved 1048576K
}
Event: 84.966 GC heap before
{Heap before GC invocations=28 (full 4):
 PSYoungGen      total 523776K, used 504384K [0x00000000d5580000, 0x00000000fae80000, 0x0000000100000000)
  eden space 499712K, 100% used [0x00000000d5580000,0x00000000f3d80000,0x00000000f3d80000)
  from space 24064K, 19% used [0x00000000f3d80000,0x00000000f4210010,0x00000000f5500000)
  to   space 23552K, 0% used [0x00000000f9780000,0x00000000f9780000,0x00000000fae80000)
 ParOldGen       total 135168K, used 66071K [0x0000000080000000, 0x0000000088400000, 0x00000000d5580000)
  object space 135168K, 48% used [0x0000000080000000,0x0000000084085fe0,0x0000000088400000)
 Metaspace       used 87724K, capacity 95950K, committed 98624K, reserved 1136640K
  class space    used 9188K, capacity 10081K, committed 10624K, reserved 1048576K
Event: 85.000 GC heap after
Heap after GC invocations=28 (full 4):
 PSYoungGen      total 575488K, used 4626K [0x00000000d5580000, 0x00000000fa600000, 0x0000000100000000)
  eden space 560640K, 0% used [0x00000000d5580000,0x00000000d5580000,0x00000000f7900000)
  from space 14848K, 31% used [0x00000000f9780000,0x00000000f9c04840,0x00000000fa600000)
  to   space 23040K, 0% used [0x00000000f7900000,0x00000000f7900000,0x00000000f8f80000)
 ParOldGen       total 135168K, used 66071K [0x0000000080000000, 0x0000000088400000, 0x00000000d5580000)
  object space 135168K, 48% used [0x0000000080000000,0x0000000084085fe0,0x0000000088400000)
 Metaspace       used 87724K, capacity 95950K, committed 98624K, reserved 1136640K
  class space    used 9188K, capacity 10081K, committed 10624K, reserved 1048576K
}
Event: 93.697 GC heap before
{Heap before GC invocations=29 (full 4):
 PSYoungGen      total 575488K, used 565266K [0x00000000d5580000, 0x00000000fa600000, 0x0000000100000000)
  eden space 560640K, 100% used [0x00000000d5580000,0x00000000f7900000,0x00000000f7900000)
  from space 14848K, 31% used [0x00000000f9780000,0x00000000f9c04840,0x00000000fa600000)
  to   space 23040K, 0% used [0x00000000f7900000,0x00000000f7900000,0x00000000f8f80000)
 ParOldGen       total 135168K, used 66071K [0x0000000080000000, 0x0000000088400000, 0x00000000d5580000)
  object space 135168K, 48% used [0x0000000080000000,0x0000000084085fe0,0x0000000088400000)
 Metaspace       used 88043K, capacity 96270K, committed 98624K, reserved 1136640K
  class space    used 9212K, capacity 10113K, committed 10624K, reserved 1048576K

